<?xml version="1.0" encoding="UTF-8"?>
<!-- Generated by org.testng.reporters.JUnitReportReporter -->
<testsuite hostname="upendra-Precision-3560" failures="0" tests="1" name="rahulshettyacademy.tests.FailureLogin" time="1.164" errors="0" timestamp="2025-09-23T17:49:21 IST" skipped="0">
  <testcase classname="rahulshettyacademy.tests.FailureLogin" name="validateIncorrectPassword" time="1.164"/>
</testsuite> <!-- rahulshettyacademy.tests.FailureLogin -->
